# JRE version: Java(TM) SE Runtime Environment (8.0_11-b12) (build 1.8.0_11-b12)
# Java VM: Java HotSpot(TM) 64-Bit Server VM (25.11-b03 mixed mode linux-amd64 compressed oops)
Heap:
 PSYoungGen      total 5632K, used 2062K [0x00000000d6a00000, 0x00000000d7100000, 0x0000000100000000)
  eden space 4096K, 21% used [0x00000000d6a00000,0x00000000d6adb8f8,0x00000000d6e00000)
  from space 1536K, 77% used [0x00000000d6f80000,0x00000000d70a8000,0x00000000d7100000)
  to   space 1536K, 0% used [0x00000000d6e00000,0x00000000d6e00000,0x00000000d6f80000)
 ParOldGen       total 127488K, used 1467K [0x0000000083e00000, 0x000000008ba80000, 0x00000000d6a00000)
  object space 127488K, 1% used [0x0000000083e00000,0x0000000083f6ed00,0x000000008ba80000)
 Metaspace       used 12143K, capacity 12280K, committed 12416K, reserved 1060864K
  class space    used 1535K, capacity 1560K, committed 1664K, reserved 1048576K
GC Heap History (10 events):
Event: 0,103 GC heap before
{Heap before GC invocations=2 (full 0):
 PSYoungGen      total 1024K, used 929K [0x00000000d6a00000, 0x00000000d6c00000, 0x0000000100000000)
  eden space 512K, 97% used [0x00000000d6a00000,0x00000000d6a7c710,0x00000000d6a80000)
  from space 512K, 84% used [0x00000000d6a80000,0x00000000d6aec010,0x00000000d6b00000)
  to   space 512K, 0% used [0x00000000d6b80000,0x00000000d6b80000,0x00000000d6c00000)
 ParOldGen       total 127488K, used 8K [0x0000000083e00000, 0x000000008ba80000, 0x00000000d6a00000)
  object space 127488K, 0% used [0x0000000083e00000,0x0000000083e02000,0x000000008ba80000)
 Metaspace       used 3285K, capacity 4522K, committed 4864K, reserved 1056768K
  class space    used 362K, capacity 418K, committed 512K, reserved 1048576K
Event: 0,105 GC heap after
Heap after GC invocations=2 (full 0):
 PSYoungGen      total 1536K, used 511K [0x00000000d6a00000, 0x00000000d6c00000, 0x0000000100000000)
  eden space 1024K, 0% used [0x00000000d6a00000,0x00000000d6a00000,0x00000000d6b00000)
  from space 512K, 99% used [0x00000000d6b80000,0x00000000d6bffc30,0x00000000d6c00000)
  to   space 512K, 0% used [0x00000000d6b00000,0x00000000d6b00000,0x00000000d6b80000)
 ParOldGen       total 127488K, used 103K [0x0000000083e00000, 0x000000008ba80000, 0x00000000d6a00000)
  object space 127488K, 0% used [0x0000000083e00000,0x0000000083e19ef8,0x000000008ba80000)
 Metaspace       used 3285K, capacity 4522K, committed 4864K, reserved 1056768K
  class space    used 362K, capacity 418K, committed 512K, reserved 1048576K
}
Event: 0,148 GC heap before
{Heap before GC invocations=3 (full 0):
 PSYoungGen      total 1536K, used 1535K [0x00000000d6a00000, 0x00000000d6c00000, 0x0000000100000000)
  eden space 1024K, 100% used [0x00000000d6a00000,0x00000000d6b00000,0x00000000d6b00000)
  from space 512K, 99% used [0x00000000d6b80000,0x00000000d6bffc30,0x00000000d6c00000)
  to   space 512K, 0% used [0x00000000d6b00000,0x00000000d6b00000,0x00000000d6b80000)
 ParOldGen       total 127488K, used 103K [0x0000000083e00000, 0x000000008ba80000, 0x00000000d6a00000)
  object space 127488K, 0% used [0x0000000083e00000,0x0000000083e19ef8,0x000000008ba80000)
 Metaspace       used 5014K, capacity 5090K, committed 5248K, reserved 1056768K
  class space    used 539K, capacity 586K, committed 640K, reserved 1048576K
Event: 0,151 GC heap after
Heap after GC invocations=3 (full 0):
 PSYoungGen      total 1536K, used 496K [0x00000000d6a00000, 0x00000000d6d00000, 0x0000000100000000)
  eden space 1024K, 0% used [0x00000000d6a00000,0x00000000d6a00000,0x00000000d6b00000)
  from space 512K, 96% used [0x00000000d6b00000,0x00000000d6b7c010,0x00000000d6b80000)
  to   space 512K, 0% used [0x00000000d6c80000,0x00000000d6c80000,0x00000000d6d00000)
 ParOldGen       total 127488K, used 327K [0x0000000083e00000, 0x000000008ba80000, 0x00000000d6a00000)
  object space 127488K, 0% used [0x0000000083e00000,0x0000000083e51e40,0x000000008ba80000)
 Metaspace       used 5014K, capacity 5090K, committed 5248K, reserved 1056768K
  class space    used 539K, capacity 586K, committed 640K, reserved 1048576K
}
Event: 0,231 GC heap before
{Heap before GC invocations=4 (full 0):
 PSYoungGen      total 1536K, used 1520K [0x00000000d6a00000, 0x00000000d6d00000, 0x0000000100000000)
  eden space 1024K, 100% used [0x00000000d6a00000,0x00000000d6b00000,0x00000000d6b00000)
  from space 512K, 96% used [0x00000000d6b00000,0x00000000d6b7c010,0x00000000d6b80000)
  to   space 512K, 0% used [0x00000000d6c80000,0x00000000d6c80000,0x00000000d6d00000)
 ParOldGen       total 127488K, used 327K [0x0000000083e00000, 0x000000008ba80000, 0x00000000d6a00000)
  object space 127488K, 0% used [0x0000000083e00000,0x0000000083e51e40,0x000000008ba80000)
 Metaspace       used 6113K, capacity 6232K, committed 6400K, reserved 1056768K
  class space    used 672K, capacity 721K, committed 768K, reserved 1048576K
Event: 0,233 GC heap after
Heap after GC invocations=4 (full 0):
 PSYoungGen      total 2560K, used 512K [0x00000000d6a00000, 0x00000000d6d00000, 0x0000000100000000)
  eden space 2048K, 0% used [0x00000000d6a00000,0x00000000d6a00000,0x00000000d6c00000)
  from space 512K, 100% used [0x00000000d6c80000,0x00000000d6d00000,0x00000000d6d00000)
  to   space 512K, 0% used [0x00000000d6c00000,0x00000000d6c00000,0x00000000d6c80000)
 ParOldGen       total 127488K, used 631K [0x0000000083e00000, 0x000000008ba80000, 0x00000000d6a00000)
  object space 127488K, 0% used [0x0000000083e00000,0x0000000083e9de60,0x000000008ba80000)
 Metaspace       used 6113K, capacity 6232K, committed 6400K, reserved 1056768K
  class space    used 672K, capacity 721K, committed 768K, reserved 1048576K
}
Event: 0,430 GC heap before
{Heap before GC invocations=5 (full 0):
 PSYoungGen      total 2560K, used 2560K [0x00000000d6a00000, 0x00000000d6d00000, 0x0000000100000000)
  eden space 2048K, 100% used [0x00000000d6a00000,0x00000000d6c00000,0x00000000d6c00000)
  from space 512K, 100% used [0x00000000d6c80000,0x00000000d6d00000,0x00000000d6d00000)
  to   space 512K, 0% used [0x00000000d6c00000,0x00000000d6c00000,0x00000000d6c80000)
 ParOldGen       total 127488K, used 631K [0x0000000083e00000, 0x000000008ba80000, 0x00000000d6a00000)
  object space 127488K, 0% used [0x0000000083e00000,0x0000000083e9de60,0x000000008ba80000)
 Metaspace       used 8850K, capacity 8984K, committed 9216K, reserved 1056768K
  class space    used 1110K, capacity 1169K, committed 1280K, reserved 1048576K
Event: 0,433 GC heap after
Heap after GC invocations=5 (full 0):
 PSYoungGen      total 2560K, used 512K [0x00000000d6a00000, 0x00000000d7100000, 0x0000000100000000)
  eden space 2048K, 0% used [0x00000000d6a00000,0x00000000d6a00000,0x00000000d6c00000)
  from space 512K, 100% used [0x00000000d6c00000,0x00000000d6c80000,0x00000000d6c80000)
  to   space 1536K, 0% used [0x00000000d6f80000,0x00000000d6f80000,0x00000000d7100000)
 ParOldGen       total 127488K, used 1467K [0x0000000083e00000, 0x000000008ba80000, 0x00000000d6a00000)
  object space 127488K, 1% used [0x0000000083e00000,0x0000000083f6ed00,0x000000008ba80000)
 Metaspace       used 8850K, capacity 8984K, committed 9216K, reserved 1056768K
  class space    used 1110K, capacity 1169K, committed 1280K, reserved 1048576K
}
Event: 0,610 GC heap before
{Heap before GC invocations=6 (full 0):
 PSYoungGen      total 2560K, used 2560K [0x00000000d6a00000, 0x00000000d7100000, 0x0000000100000000)
  eden space 2048K, 100% used [0x00000000d6a00000,0x00000000d6c00000,0x00000000d6c00000)
  from space 512K, 100% used [0x00000000d6c00000,0x00000000d6c80000,0x00000000d6c80000)
  to   space 1536K, 0% used [0x00000000d6f80000,0x00000000d6f80000,0x00000000d7100000)
 ParOldGen       total 127488K, used 1467K [0x0000000083e00000, 0x000000008ba80000, 0x00000000d6a00000)
  object space 127488K, 1% used [0x0000000083e00000,0x0000000083f6ed00,0x000000008ba80000)
 Metaspace       used 11210K, capacity 11340K, committed 11520K, reserved 1058816K
  class space    used 1420K, capacity 1460K, committed 1536K, reserved 1048576K
Event: 0,614 GC heap after
Heap after GC invocations=6 (full 0):
 PSYoungGen      total 5632K, used 1184K [0x00000000d6a00000, 0x00000000d7100000, 0x0000000100000000)
  eden space 4096K, 0% used [0x00000000d6a00000,0x00000000d6a00000,0x00000000d6e00000)
  from space 1536K, 77% used [0x00000000d6f80000,0x00000000d70a8000,0x00000000d7100000)
  to   space 1536K, 0% used [0x00000000d6e00000,0x00000000d6e00000,0x00000000d6f80000)
 ParOldGen       total 127488K, used 1467K [0x0000000083e00000, 0x000000008ba80000, 0x00000000d6a00000)
  object space 127488K, 1% used [0x0000000083e00000,0x0000000083f6ed00,0x000000008ba80000)
 Metaspace       used 11210K, capacity 11340K, committed 11520K, reserved 1058816K
  class space    used 1420K, capacity 1460K, committed 1536K, reserved 1048576K
}

